[20:24:36] [ServerMain/INFO]: Environment: authHost='https://authserver.mojang.com', accountsHost='https://api.mojang.com', sessionHost='https://sessionserver.mojang.com', servicesHost='https://api.minecraftservices.com', name='PROD'
[20:24:37] [ServerMain/INFO]: Loaded 7 recipes
[20:24:37] [ServerMain/INFO]: Loaded 1271 advancements
[20:24:38] [Server thread/INFO]: Starting minecraft server version 1.20.1
[20:24:38] [Server thread/INFO]: Loading properties
[20:24:38] [Server thread/INFO]: Default game type: SURVIVAL
[20:24:38] [Server thread/INFO]: Generating keypair
[20:24:38] [Server thread/INFO]: Starting Minecraft server on *:25565
[20:24:38] [Server thread/INFO]: Using epoll channel type
[20:24:38] [Server thread/WARN]: **** SERVER IS RUNNING IN OFFLINE/INSECURE MODE!
[20:24:38] [Server thread/WARN]: The server will make no attempt to authenticate usernames. Beware.
[20:24:38] [Server thread/WARN]: While this makes the game possible to play without internet access, it also opens up the ability for hackers to connect with any username they choose.
[20:24:38] [Server thread/WARN]: To change this, set "online-mode" to "true" in the server.properties file.
[20:24:38] [Server thread/INFO]: Preparing level "world"
[20:24:41] [Server thread/INFO]: Preparing start region for dimension minecraft:overworld
[20:24:43] [Worker-Main-3/INFO]: Preparing spawn area: 0%
[20:24:43] [Worker-Main-3/INFO]: Preparing spawn area: 0%
[20:24:43] [Worker-Main-1/INFO]: Preparing spawn area: 0%
[20:24:43] [Worker-Main-2/INFO]: Preparing spawn area: 0%
[20:24:43] [Worker-Main-3/INFO]: Preparing spawn area: 0%
[20:24:43] [Worker-Main-1/INFO]: Preparing spawn area: 0%
[20:24:44] [Worker-Main-2/INFO]: Preparing spawn area: 0%
[20:24:44] [Worker-Main-1/INFO]: Preparing spawn area: 0%
[20:24:45] [Worker-Main-1/INFO]: Preparing spawn area: 0%
[20:24:45] [Worker-Main-1/INFO]: Preparing spawn area: 8%
[20:24:46] [Worker-Main-1/INFO]: Preparing spawn area: 78%
[20:24:46] [Server thread/INFO]: Time elapsed: 5221 ms
[20:24:46] [Server thread/INFO]: Done (7.743s)! For help, type "help"
[20:25:03] [Server thread/INFO]: MatConKlor[/127.150.28.63:46843] logged in with entity id 88 at (-513.5385761635912, 77.0, -1278.6636902890423)
[20:25:03] [Server thread/INFO]: MatConKlor joined the game
[20:25:16] [Server thread/INFO]: [MatConKlor: Set the weather to clear]
[20:29:18] [Server thread/INFO]: MatConKlor has made the advancement [Enchanter]
[20:46:43] [Server thread/INFO]: MatConKlor has made the advancement [Take Aim]
[21:19:45] [Server thread/INFO]: [MatConKlor: Set own game mode to Creative Mode]
[21:21:35] [Server thread/INFO]: [MatConKlor: Set own game mode to Survival Mode]
[21:22:10] [Server thread/INFO]: [MatConKlor: Set own game mode to Creative Mode]
